Build started 11/14/2012 8:09:38 PM.
     1>Project "C:\Users\Mark\Documents\Visual Studio 2010\Projects\ConnectFour\ConnectFour\ConnectFour.vcxproj" on node 2 (build target(s)).
     1>InitializeBuildStatus:
         Creating "Debug\ConnectFour.unsuccessfulbuild" because "AlwaysCreate" was specified.
       ClCompile:
         c:\Program Files (x86)\Microsoft Visual Studio 10.0\VC\bin\CL.exe /c /ZI /nologo /W3 /WX- /Od /Oy- /D WIN32 /D _DEBUG /D _CONSOLE /D _MBCS /Gm /EHsc /RTC1 /MDd /GS /fp:precise /Zc:wchar_t /Zc:forScope /Fo"Debug\\" /Fd"Debug\vc100.pdb" /Gd /TP /analyze- /errorReport:prompt Referee.cpp
         Referee.cpp
       Link:
         c:\Program Files (x86)\Microsoft Visual Studio 10.0\VC\bin\link.exe /ERRORREPORT:PROMPT /OUT:"C:\Users\Mark\Documents\Visual Studio 2010\Projects\ConnectFour\Debug\ConnectFour.exe" /INCREMENTAL:NO /NOLOGO SDL.lib SDLmain.lib SDL_ttf.lib SDL_image.lib kernel32.lib user32.lib gdi32.lib winspool.lib comdlg32.lib advapi32.lib shell32.lib ole32.lib oleaut32.lib uuid.lib odbc32.lib odbccp32.lib /MANIFEST /ManifestFile:"Debug\ConnectFour.exe.intermediate.manifest" /MANIFESTUAC:"level='asInvoker' uiAccess='false'" /DEBUG /PDB:"C:\Users\Mark\Documents\Visual Studio 2010\Projects\ConnectFour\Debug\ConnectFour.pdb" /SUBSYSTEM:WINDOWS /TLBID:1 /DYNAMICBASE /NXCOMPAT /IMPLIB:"C:\Users\Mark\Documents\Visual Studio 2010\Projects\ConnectFour\Debug\ConnectFour.lib" /MACHINE:X86 Debug\Checker.obj
         Debug\GameMechanic.obj
         Debug\Grid.obj
         Debug\Hotspot.obj
         Debug\main.obj
         Debug\Player.obj
         Debug\Referee.obj
         Debug\TextField.obj
         Debug\YourTurn.obj
     1>Checker.obj : warning LNK4075: ignoring '/EDITANDCONTINUE' due to '/INCREMENTAL:NO' specification
     1>MSVCRTD.lib(cinitexe.obj) : warning LNK4098: defaultlib 'msvcrt.lib' conflicts with use of other libs; use /NODEFAULTLIB:library
         ConnectFour.vcxproj -> C:\Users\Mark\Documents\Visual Studio 2010\Projects\ConnectFour\Debug\ConnectFour.exe
       Manifest:
         c:\Program Files (x86)\Microsoft SDKs\Windows\v7.0A\bin\mt.exe /nologo /verbose /outputresource:"C:\Users\Mark\Documents\Visual Studio 2010\Projects\ConnectFour\Debug\ConnectFour.exe;#1" /manifest Debug\ConnectFour.exe.intermediate.manifest
       FinalizeBuildStatus:
         Deleting file "Debug\ConnectFour.unsuccessfulbuild".
         Touching "Debug\ConnectFour.lastbuildstate".
     1>Done Building Project "C:\Users\Mark\Documents\Visual Studio 2010\Projects\ConnectFour\ConnectFour\ConnectFour.vcxproj" (build target(s)).

Build succeeded.

Time Elapsed 00:00:05.94
