C:\USERS\MARK\DOCUMENTS\VISUAL STUDIO 2010\PROJECTS\CONNECTFOUR\CONNECTFOUR\DEBUG\CHECKER.OBJ
C:\Users\Mark\Documents\Visual Studio 2010\Projects\ConnectFour\ConnectFour\Debug\cl.command.1.tlog
C:\Users\Mark\Documents\Visual Studio 2010\Projects\ConnectFour\ConnectFour\Debug\CL.read.1.tlog
C:\Users\Mark\Documents\Visual Studio 2010\Projects\ConnectFour\ConnectFour\Debug\CL.write.1.tlog
C:\Users\Mark\Documents\Visual Studio 2010\Projects\ConnectFour\ConnectFour\Debug\ConnectFour.exe.embed.manifest
C:\USERS\MARK\DOCUMENTS\VISUAL STUDIO 2010\PROJECTS\CONNECTFOUR\CONNECTFOUR\DEBUG\CONNECTFOUR.EXE.EMBED.MANIFEST.RES
C:\Users\Mark\Documents\Visual Studio 2010\Projects\ConnectFour\ConnectFour\Debug\ConnectFour.vcxprojResolveAssemblyReference.cache
C:\Users\Mark\Documents\Visual Studio 2010\Projects\ConnectFour\ConnectFour\Debug\ConnectFour.write.1.tlog
C:\Users\Mark\Documents\Visual Studio 2010\Projects\ConnectFour\ConnectFour\Debug\ConnectFour_manifest.rc
C:\USERS\MARK\DOCUMENTS\VISUAL STUDIO 2010\PROJECTS\CONNECTFOUR\CONNECTFOUR\DEBUG\GAMEMECHANIC.OBJ
C:\USERS\MARK\DOCUMENTS\VISUAL STUDIO 2010\PROJECTS\CONNECTFOUR\CONNECTFOUR\DEBUG\GRID.OBJ
C:\USERS\MARK\DOCUMENTS\VISUAL STUDIO 2010\PROJECTS\CONNECTFOUR\CONNECTFOUR\DEBUG\HOTSPOT.OBJ
C:\Users\Mark\Documents\Visual Studio 2010\Projects\ConnectFour\ConnectFour\Debug\link.command.1.tlog
C:\Users\Mark\Documents\Visual Studio 2010\Projects\ConnectFour\ConnectFour\Debug\link.read.1.tlog
C:\Users\Mark\Documents\Visual Studio 2010\Projects\ConnectFour\ConnectFour\Debug\link.write.1.tlog
C:\USERS\MARK\DOCUMENTS\VISUAL STUDIO 2010\PROJECTS\CONNECTFOUR\CONNECTFOUR\DEBUG\MAIN.OBJ
C:\USERS\MARK\DOCUMENTS\VISUAL STUDIO 2010\PROJECTS\CONNECTFOUR\CONNECTFOUR\DEBUG\PLAYER.OBJ
C:\Users\Mark\Documents\Visual Studio 2010\Projects\ConnectFour\ConnectFour\Debug\rc.command.1.tlog
C:\Users\Mark\Documents\Visual Studio 2010\Projects\ConnectFour\ConnectFour\Debug\rc.read.1.tlog
C:\Users\Mark\Documents\Visual Studio 2010\Projects\ConnectFour\ConnectFour\Debug\rc.write.1.tlog
C:\USERS\MARK\DOCUMENTS\VISUAL STUDIO 2010\PROJECTS\CONNECTFOUR\CONNECTFOUR\DEBUG\REFEREE.OBJ
C:\USERS\MARK\DOCUMENTS\VISUAL STUDIO 2010\PROJECTS\CONNECTFOUR\CONNECTFOUR\DEBUG\TEXTFIELD.OBJ
C:\Users\Mark\Documents\Visual Studio 2010\Projects\ConnectFour\ConnectFour\Debug\vc100.idb
C:\USERS\MARK\DOCUMENTS\VISUAL STUDIO 2010\PROJECTS\CONNECTFOUR\CONNECTFOUR\DEBUG\VC100.PDB
C:\USERS\MARK\DOCUMENTS\VISUAL STUDIO 2010\PROJECTS\CONNECTFOUR\CONNECTFOUR\DEBUG\YOURTURN.OBJ
